<?xml version="1.0" encoding="UTF-8"?>
<!-- Generated by org.testng.reporters.JUnitReportReporter -->
<testsuite hostname="DESKTOP-EFUJ16N" failures="0" tests="3" name="com.globant.test.SauceDemoTests" time="3.971" errors="0" timestamp="2023-12-13T22:30:17 ECT" skipped="0">
  <testcase classname="com.globant.test.SauceDemoTests" name="logoutTest" time="1.279"/>
  <system-out/>
  <testcase classname="com.globant.test.SauceDemoTests" name="removeElementsFromCartTest" time="1.120"/>
  <system-out/>
  <testcase classname="com.globant.test.SauceDemoTests" name="purchaseProductTest" time="1.572"/>
  <system-out/>
</testsuite> <!-- com.globant.test.SauceDemoTests -->
